# JRE version: OpenJDK Runtime Environment Temurin-11.0.16.1+1 (11.0.16.1+1) (build 11.0.16.1+1)
# Java VM: OpenJDK 64-Bit Server VM Temurin-11.0.16.1+1 (11.0.16.1+1, mixed mode, tiered, compressed oops, g1 gc, bsd-amd64)
Heap:
 garbage-first heap   total 157696K, used 73326K [0x0000000780000000, 0x0000000800000000)
  region size 1024K, 48 young (49152K), 9 survivors (9216K)
 Metaspace       used 14016K, capacity 14330K, committed 14720K, reserved 1062912K
  class space    used 1381K, capacity 1552K, committed 1664K, reserved 1048576K
GC Heap History (20 events):
Event: 15.205 GC heap before
{Heap before GC invocations=50 (full 0):
 garbage-first heap   total 157696K, used 119779K [0x0000000780000000, 0x0000000800000000)
  region size 1024K, 92 young (94208K), 10 survivors (10240K)
 Metaspace       used 13952K, capacity 14329K, committed 14720K, reserved 1062912K
  class space    used 1380K, capacity 1552K, committed 1664K, reserved 1048576K
}
Event: 15.205 GC heap after
{Heap after GC invocations=51 (full 0):
 garbage-first heap   total 157696K, used 34804K [0x0000000780000000, 0x0000000800000000)
  region size 1024K, 9 young (9216K), 9 survivors (9216K)
 Metaspace       used 13952K, capacity 14329K, committed 14720K, reserved 1062912K
  class space    used 1380K, capacity 1552K, committed 1664K, reserved 1048576K
}
Event: 15.503 GC heap before
{Heap before GC invocations=51 (full 0):
 garbage-first heap   total 157696K, used 119796K [0x0000000780000000, 0x0000000800000000)
  region size 1024K, 92 young (94208K), 9 survivors (9216K)
 Metaspace       used 13959K, capacity 14329K, committed 14720K, reserved 1062912K
  class space    used 1380K, capacity 1552K, committed 1664K, reserved 1048576K
}
Event: 15.503 GC heap after
{Heap after GC invocations=52 (full 0):
 garbage-first heap   total 157696K, used 34820K [0x0000000780000000, 0x0000000800000000)
  region size 1024K, 10 young (10240K), 10 survivors (10240K)
 Metaspace       used 13959K, capacity 14329K, committed 14720K, reserved 1062912K
  class space    used 1380K, capacity 1552K, committed 1664K, reserved 1048576K
}
Event: 15.790 GC heap before
{Heap before GC invocations=52 (full 0):
 garbage-first heap   total 157696K, used 117764K [0x0000000780000000, 0x0000000800000000)
  region size 1024K, 92 young (94208K), 10 survivors (10240K)
 Metaspace       used 13968K, capacity 14329K, committed 14720K, reserved 1062912K
  class space    used 1380K, capacity 1552K, committed 1664K, reserved 1048576K
}
Event: 15.790 GC heap after
{Heap after GC invocations=53 (full 0):
 garbage-first heap   total 157696K, used 35087K [0x0000000780000000, 0x0000000800000000)
  region size 1024K, 10 young (10240K), 10 survivors (10240K)
 Metaspace       used 13968K, capacity 14329K, committed 14720K, reserved 1062912K
  class space    used 1380K, capacity 1552K, committed 1664K, reserved 1048576K
}
Event: 16.077 GC heap before
{Heap before GC invocations=53 (full 0):
 garbage-first heap   total 157696K, used 118031K [0x0000000780000000, 0x0000000800000000)
  region size 1024K, 92 young (94208K), 10 survivors (10240K)
 Metaspace       used 13978K, capacity 14329K, committed 14720K, reserved 1062912K
  class space    used 1380K, capacity 1552K, committed 1664K, reserved 1048576K
}
Event: 16.077 GC heap after
{Heap after GC invocations=54 (full 0):
 garbage-first heap   total 157696K, used 34843K [0x0000000780000000, 0x0000000800000000)
  region size 1024K, 9 young (9216K), 9 survivors (9216K)
 Metaspace       used 13978K, capacity 14329K, committed 14720K, reserved 1062912K
  class space    used 1380K, capacity 1552K, committed 1664K, reserved 1048576K
}
Event: 16.407 GC heap before
{Heap before GC invocations=54 (full 0):
 garbage-first heap   total 157696K, used 118811K [0x0000000780000000, 0x0000000800000000)
  region size 1024K, 92 young (94208K), 9 survivors (9216K)
 Metaspace       used 14007K, capacity 14330K, committed 14720K, reserved 1062912K
  class space    used 1380K, capacity 1552K, committed 1664K, reserved 1048576K
}
Event: 16.408 GC heap after
{Heap after GC invocations=55 (full 0):
 garbage-first heap   total 157696K, used 34346K [0x0000000780000000, 0x0000000800000000)
  region size 1024K, 9 young (9216K), 9 survivors (9216K)
 Metaspace       used 14007K, capacity 14330K, committed 14720K, reserved 1062912K
  class space    used 1380K, capacity 1552K, committed 1664K, reserved 1048576K
}
Event: 16.705 GC heap before
{Heap before GC invocations=55 (full 0):
 garbage-first heap   total 157696K, used 118314K [0x0000000780000000, 0x0000000800000000)
  region size 1024K, 92 young (94208K), 9 survivors (9216K)
 Metaspace       used 14011K, capacity 14330K, committed 14720K, reserved 1062912K
  class space    used 1380K, capacity 1552K, committed 1664K, reserved 1048576K
}
Event: 16.706 GC heap after
{Heap after GC invocations=56 (full 0):
 garbage-first heap   total 157696K, used 34614K [0x0000000780000000, 0x0000000800000000)
  region size 1024K, 9 young (9216K), 9 survivors (9216K)
 Metaspace       used 14011K, capacity 14330K, committed 14720K, reserved 1062912K
  class space    used 1380K, capacity 1552K, committed 1664K, reserved 1048576K
}
Event: 16.994 GC heap before
{Heap before GC invocations=56 (full 0):
 garbage-first heap   total 157696K, used 118582K [0x0000000780000000, 0x0000000800000000)
  region size 1024K, 92 young (94208K), 9 survivors (9216K)
 Metaspace       used 14012K, capacity 14330K, committed 14720K, reserved 1062912K
  class space    used 1380K, capacity 1552K, committed 1664K, reserved 1048576K
}
Event: 16.995 GC heap after
{Heap after GC invocations=57 (full 0):
 garbage-first heap   total 157696K, used 34400K [0x0000000780000000, 0x0000000800000000)
  region size 1024K, 9 young (9216K), 9 survivors (9216K)
 Metaspace       used 14012K, capacity 14330K, committed 14720K, reserved 1062912K
  class space    used 1380K, capacity 1552K, committed 1664K, reserved 1048576K
}
Event: 17.309 GC heap before
{Heap before GC invocations=57 (full 0):
 garbage-first heap   total 157696K, used 118368K [0x0000000780000000, 0x0000000800000000)
  region size 1024K, 92 young (94208K), 9 survivors (9216K)
 Metaspace       used 14016K, capacity 14330K, committed 14720K, reserved 1062912K
  class space    used 1381K, capacity 1552K, committed 1664K, reserved 1048576K
}
Event: 17.310 GC heap after
{Heap after GC invocations=58 (full 0):
 garbage-first heap   total 157696K, used 34414K [0x0000000780000000, 0x0000000800000000)
  region size 1024K, 9 young (9216K), 9 survivors (9216K)
 Metaspace       used 14016K, capacity 14330K, committed 14720K, reserved 1062912K
  class space    used 1381K, capacity 1552K, committed 1664K, reserved 1048576K
}
Event: 17.596 GC heap before
{Heap before GC invocations=58 (full 0):
 garbage-first heap   total 157696K, used 118382K [0x0000000780000000, 0x0000000800000000)
  region size 1024K, 92 young (94208K), 9 survivors (9216K)
 Metaspace       used 14016K, capacity 14330K, committed 14720K, reserved 1062912K
  class space    used 1381K, capacity 1552K, committed 1664K, reserved 1048576K
}
Event: 17.597 GC heap after
{Heap after GC invocations=59 (full 0):
 garbage-first heap   total 157696K, used 34658K [0x0000000780000000, 0x0000000800000000)
  region size 1024K, 9 young (9216K), 9 survivors (9216K)
 Metaspace       used 14016K, capacity 14330K, committed 14720K, reserved 1062912K
  class space    used 1381K, capacity 1552K, committed 1664K, reserved 1048576K
}
Event: 17.887 GC heap before
{Heap before GC invocations=59 (full 0):
 garbage-first heap   total 157696K, used 119650K [0x0000000780000000, 0x0000000800000000)
  region size 1024K, 92 young (94208K), 9 survivors (9216K)
 Metaspace       used 14016K, capacity 14330K, committed 14720K, reserved 1062912K
  class space    used 1381K, capacity 1552K, committed 1664K, reserved 1048576K
}
Event: 17.888 GC heap after
{Heap after GC invocations=60 (full 0):
 garbage-first heap   total 157696K, used 34414K [0x0000000780000000, 0x0000000800000000)
  region size 1024K, 9 young (9216K), 9 survivors (9216K)
 Metaspace       used 14016K, capacity 14330K, committed 14720K, reserved 1062912K
  class space    used 1381K, capacity 1552K, committed 1664K, reserved 1048576K
}

